CREATE TABLE `django_migrations` (`id` bigint AUTO_INCREMENT NOT NULL PRIMARY KEY, `app` varchar(255) NOT NULL, `name` varchar(255) NOT NULL, `applied` datetime(6) NOT NULL); (params None)
CREATE TABLE `acme_srv_account` (`id` bigint AUTO_INCREMENT NOT NULL PRIMARY KEY, `name` varchar(15) NOT NULL UNIQUE, `jwk` longtext NOT NULL, `alg` varchar(10) NOT NULL, `contact` varchar(255) NOT NULL, `eab_kid` longtext NOT NULL, `created_at` datetime(6) NOT NULL); (params None)
CREATE TABLE `acme_srv_cahandler` (`id` bigint AUTO_INCREMENT NOT NULL PRIMARY KEY, `name` varchar(50) NOT NULL UNIQUE, `value1` varchar(250) NOT NULL, `value2` varchar(250) NOT NULL, `created_at` datetime(6) NULL); (params None)
CREATE TABLE `acme_srv_cliaccount` (`id` bigint AUTO_INCREMENT NOT NULL PRIMARY KEY, `name` varchar(15) NOT NULL UNIQUE, `jwk` longtext NOT NULL, `contact` varchar(255) NOT NULL, `reportadmin` bool NOT NULL, `cliadmin` bool NOT NULL, `certificateadmin` bool NOT NULL, `created_at` datetime(6) NOT NULL); (params None)
CREATE TABLE `acme_srv_housekeeping` (`id` bigint AUTO_INCREMENT NOT NULL PRIMARY KEY, `name` varchar(30) NOT NULL UNIQUE, `value` varchar(30) NOT NULL, `modified_at` datetime(6) NULL); (params None)
CREATE TABLE `acme_srv_nonce` (`id` bigint AUTO_INCREMENT NOT NULL PRIMARY KEY, `nonce` varchar(50) NOT NULL, `created_at` datetime(6) NOT NULL); (params None)
CREATE TABLE `acme_srv_status` (`id` bigint AUTO_INCREMENT NOT NULL PRIMARY KEY, `name` varchar(15) NOT NULL UNIQUE); (params None)
CREATE TABLE `acme_srv_order` (`id` bigint AUTO_INCREMENT NOT NULL PRIMARY KEY, `name` varchar(15) NOT NULL UNIQUE, `notbefore` integer NOT NULL, `notafter` integer NOT NULL, `identifiers` longtext NOT NULL, `expires` integer NOT NULL, `created_at` datetime(6) NOT NULL, `account_id` bigint NOT NULL, `status_id` bigint NOT NULL); (params None)
CREATE TABLE `acme_srv_certificate` (`id` bigint AUTO_INCREMENT NOT NULL PRIMARY KEY, `name` varchar(15) NOT NULL UNIQUE, `csr` longtext NULL, `cert` longtext NULL, `cert_raw` longtext NULL, `error` longtext NULL, `poll_identifier` longtext NULL, `expire_uts` integer NOT NULL, `issue_uts` integer NOT NULL, `renewal_info` longtext NULL, `aki` longtext NULL, `serial` longtext NULL, `replaced` bool NOT NULL, `header_info` longtext NULL, `created_at` datetime(6) NULL, `order_id` bigint NOT NULL); (params None)
CREATE TABLE `acme_srv_authorization` (`id` bigint AUTO_INCREMENT NOT NULL PRIMARY KEY, `name` varchar(15) NOT NULL UNIQUE, `type` varchar(5) NOT NULL, `value` longtext NOT NULL, `token` varchar(64) NOT NULL, `expires` integer NOT NULL, `created_at` datetime(6) NOT NULL, `order_id` bigint NOT NULL, `status_id` bigint NOT NULL); (params None)
CREATE TABLE `acme_srv_challenge` (`id` bigint AUTO_INCREMENT NOT NULL PRIMARY KEY, `name` varchar(15) NOT NULL UNIQUE, `type` varchar(15) NOT NULL, `token` varchar(64) NOT NULL, `expires` integer NOT NULL, `created_at` datetime(6) NOT NULL, `keyauthorization` varchar(128) NOT NULL, `validated` integer NOT NULL, `authorization_id` bigint NOT NULL, `status_id` bigint NOT NULL); (params None)
ALTER TABLE `acme_srv_order` ADD CONSTRAINT `acme_srv_order_account_id_d9fec995_fk_acme_srv_account_id` FOREIGN KEY (`account_id`) REFERENCES `acme_srv_account` (`id`); (params ())
ALTER TABLE `acme_srv_order` ADD CONSTRAINT `acme_srv_order_status_id_2b240409_fk_acme_srv_status_id` FOREIGN KEY (`status_id`) REFERENCES `acme_srv_status` (`id`); (params ())
ALTER TABLE `acme_srv_certificate` ADD CONSTRAINT `acme_srv_certificate_order_id_84caaa07_fk_acme_srv_order_id` FOREIGN KEY (`order_id`) REFERENCES `acme_srv_order` (`id`); (params ())
ALTER TABLE `acme_srv_authorization` ADD CONSTRAINT `acme_srv_authorization_order_id_c696f22b_fk_acme_srv_order_id` FOREIGN KEY (`order_id`) REFERENCES `acme_srv_order` (`id`); (params ())
ALTER TABLE `acme_srv_authorization` ADD CONSTRAINT `acme_srv_authorization_status_id_fd5bfeec_fk_acme_srv_status_id` FOREIGN KEY (`status_id`) REFERENCES `acme_srv_status` (`id`); (params ())
ALTER TABLE `acme_srv_challenge` ADD CONSTRAINT `acme_srv_challenge_authorization_id_03f72231_fk_acme_srv_` FOREIGN KEY (`authorization_id`) REFERENCES `acme_srv_authorization` (`id`); (params ())
ALTER TABLE `acme_srv_challenge` ADD CONSTRAINT `acme_srv_challenge_status_id_e59fef7a_fk_acme_srv_status_id` FOREIGN KEY (`status_id`) REFERENCES `acme_srv_status` (`id`); (params ())
CREATE TABLE `django_content_type` (`id` integer AUTO_INCREMENT NOT NULL PRIMARY KEY, `name` varchar(100) NOT NULL, `app_label` varchar(100) NOT NULL, `model` varchar(100) NOT NULL); (params None)
ALTER TABLE `django_content_type` ADD CONSTRAINT `django_content_type_app_label_model_76bd3d3b_uniq` UNIQUE (`app_label`, `model`); (params ())
CREATE TABLE `auth_permission` (`id` integer AUTO_INCREMENT NOT NULL PRIMARY KEY, `name` varchar(50) NOT NULL, `content_type_id` integer NOT NULL, `codename` varchar(100) NOT NULL); (params None)
CREATE TABLE `auth_group` (`id` integer AUTO_INCREMENT NOT NULL PRIMARY KEY, `name` varchar(80) NOT NULL UNIQUE); (params None)
CREATE TABLE `auth_group_permissions` (`id` bigint AUTO_INCREMENT NOT NULL PRIMARY KEY, `group_id` integer NOT NULL, `permission_id` integer NOT NULL); (params None)
CREATE TABLE `auth_user` (`id` integer AUTO_INCREMENT NOT NULL PRIMARY KEY, `password` varchar(128) NOT NULL, `last_login` datetime(6) NOT NULL, `is_superuser` bool NOT NULL, `username` varchar(30) NOT NULL UNIQUE, `first_name` varchar(30) NOT NULL, `last_name` varchar(30) NOT NULL, `email` varchar(75) NOT NULL, `is_staff` bool NOT NULL, `is_active` bool NOT NULL, `date_joined` datetime(6) NOT NULL); (params None)
CREATE TABLE `auth_user_groups` (`id` bigint AUTO_INCREMENT NOT NULL PRIMARY KEY, `user_id` integer NOT NULL, `group_id` integer NOT NULL); (params None)
CREATE TABLE `auth_user_user_permissions` (`id` bigint AUTO_INCREMENT NOT NULL PRIMARY KEY, `user_id` integer NOT NULL, `permission_id` integer NOT NULL); (params None)
ALTER TABLE `auth_permission` ADD CONSTRAINT `auth_permission_content_type_id_codename_01ab375a_uniq` UNIQUE (`content_type_id`, `codename`); (params ())
ALTER TABLE `auth_permission` ADD CONSTRAINT `auth_permission_content_type_id_2f476e4b_fk_django_co` FOREIGN KEY (`content_type_id`) REFERENCES `django_content_type` (`id`); (params ())
ALTER TABLE `auth_group_permissions` ADD CONSTRAINT `auth_group_permissions_group_id_permission_id_0cd325b0_uniq` UNIQUE (`group_id`, `permission_id`); (params ())
ALTER TABLE `auth_group_permissions` ADD CONSTRAINT `auth_group_permissions_group_id_b120cbf9_fk_auth_group_id` FOREIGN KEY (`group_id`) REFERENCES `auth_group` (`id`); (params ())
ALTER TABLE `auth_group_permissions` ADD CONSTRAINT `auth_group_permissio_permission_id_84c5c92e_fk_auth_perm` FOREIGN KEY (`permission_id`) REFERENCES `auth_permission` (`id`); (params ())
ALTER TABLE `auth_user_groups` ADD CONSTRAINT `auth_user_groups_user_id_group_id_94350c0c_uniq` UNIQUE (`user_id`, `group_id`); (params ())
ALTER TABLE `auth_user_groups` ADD CONSTRAINT `auth_user_groups_user_id_6a12ed8b_fk_auth_user_id` FOREIGN KEY (`user_id`) REFERENCES `auth_user` (`id`); (params ())
ALTER TABLE `auth_user_groups` ADD CONSTRAINT `auth_user_groups_group_id_97559544_fk_auth_group_id` FOREIGN KEY (`group_id`) REFERENCES `auth_group` (`id`); (params ())
ALTER TABLE `auth_user_user_permissions` ADD CONSTRAINT `auth_user_user_permissions_user_id_permission_id_14a6b632_uniq` UNIQUE (`user_id`, `permission_id`); (params ())
ALTER TABLE `auth_user_user_permissions` ADD CONSTRAINT `auth_user_user_permissions_user_id_a95ead1b_fk_auth_user_id` FOREIGN KEY (`user_id`) REFERENCES `auth_user` (`id`); (params ())
ALTER TABLE `auth_user_user_permissions` ADD CONSTRAINT `auth_user_user_permi_permission_id_1fbb5f2c_fk_auth_perm` FOREIGN KEY (`permission_id`) REFERENCES `auth_permission` (`id`); (params ())
CREATE TABLE `django_admin_log` (`id` integer AUTO_INCREMENT NOT NULL PRIMARY KEY, `action_time` datetime(6) NOT NULL, `object_id` longtext NULL, `object_repr` varchar(200) NOT NULL, `action_flag` smallint UNSIGNED NOT NULL CHECK (`action_flag` >= 0), `change_message` longtext NOT NULL, `content_type_id` integer NULL, `user_id` integer NOT NULL); (params None)
ALTER TABLE `django_admin_log` ADD CONSTRAINT `django_admin_log_content_type_id_c4bce8eb_fk_django_co` FOREIGN KEY (`content_type_id`) REFERENCES `django_content_type` (`id`); (params ())
ALTER TABLE `django_admin_log` ADD CONSTRAINT `django_admin_log_user_id_c564eba6_fk_auth_user_id` FOREIGN KEY (`user_id`) REFERENCES `auth_user` (`id`); (params ())
ALTER TABLE `django_content_type` MODIFY `name` varchar(100) NULL; (params [])
ALTER TABLE `django_content_type` DROP COLUMN `name`; (params ())
ALTER TABLE `auth_permission` MODIFY `name` varchar(255) NOT NULL; (params [])
ALTER TABLE `auth_user` MODIFY `email` varchar(254) NOT NULL; (params [])
ALTER TABLE `auth_user` MODIFY `last_login` datetime(6) NULL; (params [])
ALTER TABLE `auth_user` MODIFY `username` varchar(150) NOT NULL; (params [])
ALTER TABLE `auth_user` MODIFY `last_name` varchar(150) NOT NULL; (params [])
ALTER TABLE `auth_group` MODIFY `name` varchar(150) NOT NULL; (params [])
ALTER TABLE `auth_user` MODIFY `first_name` varchar(150) NOT NULL; (params [])
CREATE TABLE `django_session` (`session_key` varchar(40) NOT NULL PRIMARY KEY, `session_data` longtext NOT NULL, `expire_date` datetime(6) NOT NULL); (params None)
CREATE INDEX `django_session_expire_date_a5c62663` ON `django_session` (`expire_date`); (params ())
CREATE TABLE `django_migrations` (`id` bigint AUTO_INCREMENT NOT NULL PRIMARY KEY, `app` varchar(255) NOT NULL, `name` varchar(255) NOT NULL, `applied` datetime(6) NOT NULL); (params None)
CREATE TABLE `acme_srv_account` (`id` bigint AUTO_INCREMENT NOT NULL PRIMARY KEY, `name` varchar(15) NOT NULL UNIQUE, `jwk` longtext NOT NULL, `alg` varchar(10) NOT NULL, `contact` varchar(255) NOT NULL, `eab_kid` longtext NOT NULL, `created_at` datetime(6) NOT NULL); (params None)
CREATE TABLE `acme_srv_cahandler` (`id` bigint AUTO_INCREMENT NOT NULL PRIMARY KEY, `name` varchar(50) NOT NULL UNIQUE, `value1` varchar(250) NOT NULL, `value2` varchar(250) NOT NULL, `created_at` datetime(6) NULL); (params None)
CREATE TABLE `acme_srv_cliaccount` (`id` bigint AUTO_INCREMENT NOT NULL PRIMARY KEY, `name` varchar(15) NOT NULL UNIQUE, `jwk` longtext NOT NULL, `contact` varchar(255) NOT NULL, `reportadmin` bool NOT NULL, `cliadmin` bool NOT NULL, `certificateadmin` bool NOT NULL, `created_at` datetime(6) NOT NULL); (params None)
CREATE TABLE `acme_srv_housekeeping` (`id` bigint AUTO_INCREMENT NOT NULL PRIMARY KEY, `name` varchar(30) NOT NULL UNIQUE, `value` varchar(30) NOT NULL, `modified_at` datetime(6) NULL); (params None)
CREATE TABLE `acme_srv_nonce` (`id` bigint AUTO_INCREMENT NOT NULL PRIMARY KEY, `nonce` varchar(50) NOT NULL, `created_at` datetime(6) NOT NULL); (params None)
CREATE TABLE `acme_srv_status` (`id` bigint AUTO_INCREMENT NOT NULL PRIMARY KEY, `name` varchar(15) NOT NULL UNIQUE); (params None)
CREATE TABLE `acme_srv_order` (`id` bigint AUTO_INCREMENT NOT NULL PRIMARY KEY, `name` varchar(15) NOT NULL UNIQUE, `notbefore` integer NOT NULL, `notafter` integer NOT NULL, `identifiers` longtext NOT NULL, `expires` integer NOT NULL, `created_at` datetime(6) NOT NULL, `account_id` bigint NOT NULL, `status_id` bigint NOT NULL); (params None)
CREATE TABLE `acme_srv_certificate` (`id` bigint AUTO_INCREMENT NOT NULL PRIMARY KEY, `name` varchar(15) NOT NULL UNIQUE, `csr` longtext NULL, `cert` longtext NULL, `cert_raw` longtext NULL, `error` longtext NULL, `poll_identifier` longtext NULL, `expire_uts` integer NOT NULL, `issue_uts` integer NOT NULL, `renewal_info` longtext NULL, `aki` longtext NULL, `serial` longtext NULL, `replaced` bool NOT NULL, `header_info` longtext NULL, `created_at` datetime(6) NULL, `order_id` bigint NOT NULL); (params None)
CREATE TABLE `acme_srv_authorization` (`id` bigint AUTO_INCREMENT NOT NULL PRIMARY KEY, `name` varchar(15) NOT NULL UNIQUE, `type` varchar(5) NOT NULL, `value` longtext NOT NULL, `token` varchar(64) NOT NULL, `expires` integer NOT NULL, `created_at` datetime(6) NOT NULL, `order_id` bigint NOT NULL, `status_id` bigint NOT NULL); (params None)
CREATE TABLE `acme_srv_challenge` (`id` bigint AUTO_INCREMENT NOT NULL PRIMARY KEY, `name` varchar(15) NOT NULL UNIQUE, `type` varchar(15) NOT NULL, `token` varchar(64) NOT NULL, `expires` integer NOT NULL, `created_at` datetime(6) NOT NULL, `keyauthorization` varchar(128) NOT NULL, `validated` integer NOT NULL, `authorization_id` bigint NOT NULL, `status_id` bigint NOT NULL); (params None)
ALTER TABLE `acme_srv_order` ADD CONSTRAINT `acme_srv_order_account_id_d9fec995_fk_acme_srv_account_id` FOREIGN KEY (`account_id`) REFERENCES `acme_srv_account` (`id`); (params ())
ALTER TABLE `acme_srv_order` ADD CONSTRAINT `acme_srv_order_status_id_2b240409_fk_acme_srv_status_id` FOREIGN KEY (`status_id`) REFERENCES `acme_srv_status` (`id`); (params ())
ALTER TABLE `acme_srv_certificate` ADD CONSTRAINT `acme_srv_certificate_order_id_84caaa07_fk_acme_srv_order_id` FOREIGN KEY (`order_id`) REFERENCES `acme_srv_order` (`id`); (params ())
ALTER TABLE `acme_srv_authorization` ADD CONSTRAINT `acme_srv_authorization_order_id_c696f22b_fk_acme_srv_order_id` FOREIGN KEY (`order_id`) REFERENCES `acme_srv_order` (`id`); (params ())
ALTER TABLE `acme_srv_authorization` ADD CONSTRAINT `acme_srv_authorization_status_id_fd5bfeec_fk_acme_srv_status_id` FOREIGN KEY (`status_id`) REFERENCES `acme_srv_status` (`id`); (params ())
ALTER TABLE `acme_srv_challenge` ADD CONSTRAINT `acme_srv_challenge_authorization_id_03f72231_fk_acme_srv_` FOREIGN KEY (`authorization_id`) REFERENCES `acme_srv_authorization` (`id`); (params ())
ALTER TABLE `acme_srv_challenge` ADD CONSTRAINT `acme_srv_challenge_status_id_e59fef7a_fk_acme_srv_status_id` FOREIGN KEY (`status_id`) REFERENCES `acme_srv_status` (`id`); (params ())
CREATE TABLE `django_content_type` (`id` integer AUTO_INCREMENT NOT NULL PRIMARY KEY, `name` varchar(100) NOT NULL, `app_label` varchar(100) NOT NULL, `model` varchar(100) NOT NULL); (params None)
ALTER TABLE `django_content_type` ADD CONSTRAINT `django_content_type_app_label_model_76bd3d3b_uniq` UNIQUE (`app_label`, `model`); (params ())
CREATE TABLE `auth_permission` (`id` integer AUTO_INCREMENT NOT NULL PRIMARY KEY, `name` varchar(50) NOT NULL, `content_type_id` integer NOT NULL, `codename` varchar(100) NOT NULL); (params None)
CREATE TABLE `auth_group` (`id` integer AUTO_INCREMENT NOT NULL PRIMARY KEY, `name` varchar(80) NOT NULL UNIQUE); (params None)
CREATE TABLE `auth_group_permissions` (`id` bigint AUTO_INCREMENT NOT NULL PRIMARY KEY, `group_id` integer NOT NULL, `permission_id` integer NOT NULL); (params None)
CREATE TABLE `auth_user` (`id` integer AUTO_INCREMENT NOT NULL PRIMARY KEY, `password` varchar(128) NOT NULL, `last_login` datetime(6) NOT NULL, `is_superuser` bool NOT NULL, `username` varchar(30) NOT NULL UNIQUE, `first_name` varchar(30) NOT NULL, `last_name` varchar(30) NOT NULL, `email` varchar(75) NOT NULL, `is_staff` bool NOT NULL, `is_active` bool NOT NULL, `date_joined` datetime(6) NOT NULL); (params None)
CREATE TABLE `auth_user_groups` (`id` bigint AUTO_INCREMENT NOT NULL PRIMARY KEY, `user_id` integer NOT NULL, `group_id` integer NOT NULL); (params None)
CREATE TABLE `auth_user_user_permissions` (`id` bigint AUTO_INCREMENT NOT NULL PRIMARY KEY, `user_id` integer NOT NULL, `permission_id` integer NOT NULL); (params None)
ALTER TABLE `auth_permission` ADD CONSTRAINT `auth_permission_content_type_id_codename_01ab375a_uniq` UNIQUE (`content_type_id`, `codename`); (params ())
ALTER TABLE `auth_permission` ADD CONSTRAINT `auth_permission_content_type_id_2f476e4b_fk_django_co` FOREIGN KEY (`content_type_id`) REFERENCES `django_content_type` (`id`); (params ())
ALTER TABLE `auth_group_permissions` ADD CONSTRAINT `auth_group_permissions_group_id_permission_id_0cd325b0_uniq` UNIQUE (`group_id`, `permission_id`); (params ())
ALTER TABLE `auth_group_permissions` ADD CONSTRAINT `auth_group_permissions_group_id_b120cbf9_fk_auth_group_id` FOREIGN KEY (`group_id`) REFERENCES `auth_group` (`id`); (params ())
ALTER TABLE `auth_group_permissions` ADD CONSTRAINT `auth_group_permissio_permission_id_84c5c92e_fk_auth_perm` FOREIGN KEY (`permission_id`) REFERENCES `auth_permission` (`id`); (params ())
ALTER TABLE `auth_user_groups` ADD CONSTRAINT `auth_user_groups_user_id_group_id_94350c0c_uniq` UNIQUE (`user_id`, `group_id`); (params ())
ALTER TABLE `auth_user_groups` ADD CONSTRAINT `auth_user_groups_user_id_6a12ed8b_fk_auth_user_id` FOREIGN KEY (`user_id`) REFERENCES `auth_user` (`id`); (params ())
ALTER TABLE `auth_user_groups` ADD CONSTRAINT `auth_user_groups_group_id_97559544_fk_auth_group_id` FOREIGN KEY (`group_id`) REFERENCES `auth_group` (`id`); (params ())
ALTER TABLE `auth_user_user_permissions` ADD CONSTRAINT `auth_user_user_permissions_user_id_permission_id_14a6b632_uniq` UNIQUE (`user_id`, `permission_id`); (params ())
ALTER TABLE `auth_user_user_permissions` ADD CONSTRAINT `auth_user_user_permissions_user_id_a95ead1b_fk_auth_user_id` FOREIGN KEY (`user_id`) REFERENCES `auth_user` (`id`); (params ())
ALTER TABLE `auth_user_user_permissions` ADD CONSTRAINT `auth_user_user_permi_permission_id_1fbb5f2c_fk_auth_perm` FOREIGN KEY (`permission_id`) REFERENCES `auth_permission` (`id`); (params ())
CREATE TABLE `django_admin_log` (`id` integer AUTO_INCREMENT NOT NULL PRIMARY KEY, `action_time` datetime(6) NOT NULL, `object_id` longtext NULL, `object_repr` varchar(200) NOT NULL, `action_flag` smallint UNSIGNED NOT NULL CHECK (`action_flag` >= 0), `change_message` longtext NOT NULL, `content_type_id` integer NULL, `user_id` integer NOT NULL); (params None)
ALTER TABLE `django_admin_log` ADD CONSTRAINT `django_admin_log_content_type_id_c4bce8eb_fk_django_co` FOREIGN KEY (`content_type_id`) REFERENCES `django_content_type` (`id`); (params ())
ALTER TABLE `django_admin_log` ADD CONSTRAINT `django_admin_log_user_id_c564eba6_fk_auth_user_id` FOREIGN KEY (`user_id`) REFERENCES `auth_user` (`id`); (params ())
ALTER TABLE `django_content_type` MODIFY `name` varchar(100) NULL; (params [])
ALTER TABLE `django_content_type` DROP COLUMN `name`; (params ())
ALTER TABLE `auth_permission` MODIFY `name` varchar(255) NOT NULL; (params [])
ALTER TABLE `auth_user` MODIFY `email` varchar(254) NOT NULL; (params [])
ALTER TABLE `auth_user` MODIFY `last_login` datetime(6) NULL; (params [])
ALTER TABLE `auth_user` MODIFY `username` varchar(150) NOT NULL; (params [])
ALTER TABLE `auth_user` MODIFY `last_name` varchar(150) NOT NULL; (params [])
ALTER TABLE `auth_group` MODIFY `name` varchar(150) NOT NULL; (params [])
ALTER TABLE `auth_user` MODIFY `first_name` varchar(150) NOT NULL; (params [])
CREATE TABLE `django_session` (`session_key` varchar(40) NOT NULL PRIMARY KEY, `session_data` longtext NOT NULL, `expire_date` datetime(6) NOT NULL); (params None)
CREATE INDEX `django_session_expire_date_a5c62663` ON `django_session` (`expire_date`); (params ())
CREATE TABLE `django_migrations` (`id` bigint AUTO_INCREMENT NOT NULL PRIMARY KEY, `app` varchar(255) NOT NULL, `name` varchar(255) NOT NULL, `applied` datetime(6) NOT NULL); (params None)
CREATE TABLE `acme_srv_account` (`id` bigint AUTO_INCREMENT NOT NULL PRIMARY KEY, `name` varchar(15) NOT NULL UNIQUE, `jwk` longtext NOT NULL, `alg` varchar(10) NOT NULL, `contact` varchar(255) NOT NULL, `eab_kid` longtext NOT NULL, `created_at` datetime(6) NOT NULL); (params None)
CREATE TABLE `acme_srv_cahandler` (`id` bigint AUTO_INCREMENT NOT NULL PRIMARY KEY, `name` varchar(50) NOT NULL UNIQUE, `value1` varchar(250) NOT NULL, `value2` varchar(250) NOT NULL, `created_at` datetime(6) NULL); (params None)
CREATE TABLE `acme_srv_cliaccount` (`id` bigint AUTO_INCREMENT NOT NULL PRIMARY KEY, `name` varchar(15) NOT NULL UNIQUE, `jwk` longtext NOT NULL, `contact` varchar(255) NOT NULL, `reportadmin` bool NOT NULL, `cliadmin` bool NOT NULL, `certificateadmin` bool NOT NULL, `created_at` datetime(6) NOT NULL); (params None)
CREATE TABLE `acme_srv_housekeeping` (`id` bigint AUTO_INCREMENT NOT NULL PRIMARY KEY, `name` varchar(30) NOT NULL UNIQUE, `value` varchar(30) NOT NULL, `modified_at` datetime(6) NULL); (params None)
CREATE TABLE `acme_srv_nonce` (`id` bigint AUTO_INCREMENT NOT NULL PRIMARY KEY, `nonce` varchar(50) NOT NULL, `created_at` datetime(6) NOT NULL); (params None)
CREATE TABLE `acme_srv_status` (`id` bigint AUTO_INCREMENT NOT NULL PRIMARY KEY, `name` varchar(15) NOT NULL UNIQUE); (params None)
CREATE TABLE `acme_srv_order` (`id` bigint AUTO_INCREMENT NOT NULL PRIMARY KEY, `name` varchar(15) NOT NULL UNIQUE, `notbefore` integer NOT NULL, `notafter` integer NOT NULL, `identifiers` longtext NOT NULL, `expires` integer NOT NULL, `created_at` datetime(6) NOT NULL, `account_id` bigint NOT NULL, `status_id` bigint NOT NULL); (params None)
CREATE TABLE `acme_srv_certificate` (`id` bigint AUTO_INCREMENT NOT NULL PRIMARY KEY, `name` varchar(15) NOT NULL UNIQUE, `csr` longtext NULL, `cert` longtext NULL, `cert_raw` longtext NULL, `error` longtext NULL, `poll_identifier` longtext NULL, `expire_uts` integer NOT NULL, `issue_uts` integer NOT NULL, `renewal_info` longtext NULL, `aki` longtext NULL, `serial` longtext NULL, `replaced` bool NOT NULL, `header_info` longtext NULL, `created_at` datetime(6) NULL, `order_id` bigint NOT NULL); (params None)
CREATE TABLE `acme_srv_authorization` (`id` bigint AUTO_INCREMENT NOT NULL PRIMARY KEY, `name` varchar(15) NOT NULL UNIQUE, `type` varchar(5) NOT NULL, `value` longtext NOT NULL, `token` varchar(64) NOT NULL, `expires` integer NOT NULL, `created_at` datetime(6) NOT NULL, `order_id` bigint NOT NULL, `status_id` bigint NOT NULL); (params None)
CREATE TABLE `acme_srv_challenge` (`id` bigint AUTO_INCREMENT NOT NULL PRIMARY KEY, `name` varchar(15) NOT NULL UNIQUE, `type` varchar(15) NOT NULL, `token` varchar(64) NOT NULL, `expires` integer NOT NULL, `created_at` datetime(6) NOT NULL, `keyauthorization` varchar(128) NOT NULL, `validated` integer NOT NULL, `authorization_id` bigint NOT NULL, `status_id` bigint NOT NULL); (params None)
ALTER TABLE `acme_srv_order` ADD CONSTRAINT `acme_srv_order_account_id_d9fec995_fk_acme_srv_account_id` FOREIGN KEY (`account_id`) REFERENCES `acme_srv_account` (`id`); (params ())
ALTER TABLE `acme_srv_order` ADD CONSTRAINT `acme_srv_order_status_id_2b240409_fk_acme_srv_status_id` FOREIGN KEY (`status_id`) REFERENCES `acme_srv_status` (`id`); (params ())
ALTER TABLE `acme_srv_certificate` ADD CONSTRAINT `acme_srv_certificate_order_id_84caaa07_fk_acme_srv_order_id` FOREIGN KEY (`order_id`) REFERENCES `acme_srv_order` (`id`); (params ())
ALTER TABLE `acme_srv_authorization` ADD CONSTRAINT `acme_srv_authorization_order_id_c696f22b_fk_acme_srv_order_id` FOREIGN KEY (`order_id`) REFERENCES `acme_srv_order` (`id`); (params ())
ALTER TABLE `acme_srv_authorization` ADD CONSTRAINT `acme_srv_authorization_status_id_fd5bfeec_fk_acme_srv_status_id` FOREIGN KEY (`status_id`) REFERENCES `acme_srv_status` (`id`); (params ())
ALTER TABLE `acme_srv_challenge` ADD CONSTRAINT `acme_srv_challenge_authorization_id_03f72231_fk_acme_srv_` FOREIGN KEY (`authorization_id`) REFERENCES `acme_srv_authorization` (`id`); (params ())
ALTER TABLE `acme_srv_challenge` ADD CONSTRAINT `acme_srv_challenge_status_id_e59fef7a_fk_acme_srv_status_id` FOREIGN KEY (`status_id`) REFERENCES `acme_srv_status` (`id`); (params ())
CREATE TABLE `django_content_type` (`id` integer AUTO_INCREMENT NOT NULL PRIMARY KEY, `name` varchar(100) NOT NULL, `app_label` varchar(100) NOT NULL, `model` varchar(100) NOT NULL); (params None)
ALTER TABLE `django_content_type` ADD CONSTRAINT `django_content_type_app_label_model_76bd3d3b_uniq` UNIQUE (`app_label`, `model`); (params ())
CREATE TABLE `auth_permission` (`id` integer AUTO_INCREMENT NOT NULL PRIMARY KEY, `name` varchar(50) NOT NULL, `content_type_id` integer NOT NULL, `codename` varchar(100) NOT NULL); (params None)
CREATE TABLE `auth_group` (`id` integer AUTO_INCREMENT NOT NULL PRIMARY KEY, `name` varchar(80) NOT NULL UNIQUE); (params None)
CREATE TABLE `auth_group_permissions` (`id` bigint AUTO_INCREMENT NOT NULL PRIMARY KEY, `group_id` integer NOT NULL, `permission_id` integer NOT NULL); (params None)
CREATE TABLE `auth_user` (`id` integer AUTO_INCREMENT NOT NULL PRIMARY KEY, `password` varchar(128) NOT NULL, `last_login` datetime(6) NOT NULL, `is_superuser` bool NOT NULL, `username` varchar(30) NOT NULL UNIQUE, `first_name` varchar(30) NOT NULL, `last_name` varchar(30) NOT NULL, `email` varchar(75) NOT NULL, `is_staff` bool NOT NULL, `is_active` bool NOT NULL, `date_joined` datetime(6) NOT NULL); (params None)
CREATE TABLE `auth_user_groups` (`id` bigint AUTO_INCREMENT NOT NULL PRIMARY KEY, `user_id` integer NOT NULL, `group_id` integer NOT NULL); (params None)
CREATE TABLE `auth_user_user_permissions` (`id` bigint AUTO_INCREMENT NOT NULL PRIMARY KEY, `user_id` integer NOT NULL, `permission_id` integer NOT NULL); (params None)
ALTER TABLE `auth_permission` ADD CONSTRAINT `auth_permission_content_type_id_codename_01ab375a_uniq` UNIQUE (`content_type_id`, `codename`); (params ())
ALTER TABLE `auth_permission` ADD CONSTRAINT `auth_permission_content_type_id_2f476e4b_fk_django_co` FOREIGN KEY (`content_type_id`) REFERENCES `django_content_type` (`id`); (params ())
ALTER TABLE `auth_group_permissions` ADD CONSTRAINT `auth_group_permissions_group_id_permission_id_0cd325b0_uniq` UNIQUE (`group_id`, `permission_id`); (params ())
ALTER TABLE `auth_group_permissions` ADD CONSTRAINT `auth_group_permissions_group_id_b120cbf9_fk_auth_group_id` FOREIGN KEY (`group_id`) REFERENCES `auth_group` (`id`); (params ())
ALTER TABLE `auth_group_permissions` ADD CONSTRAINT `auth_group_permissio_permission_id_84c5c92e_fk_auth_perm` FOREIGN KEY (`permission_id`) REFERENCES `auth_permission` (`id`); (params ())
ALTER TABLE `auth_user_groups` ADD CONSTRAINT `auth_user_groups_user_id_group_id_94350c0c_uniq` UNIQUE (`user_id`, `group_id`); (params ())
ALTER TABLE `auth_user_groups` ADD CONSTRAINT `auth_user_groups_user_id_6a12ed8b_fk_auth_user_id` FOREIGN KEY (`user_id`) REFERENCES `auth_user` (`id`); (params ())
ALTER TABLE `auth_user_groups` ADD CONSTRAINT `auth_user_groups_group_id_97559544_fk_auth_group_id` FOREIGN KEY (`group_id`) REFERENCES `auth_group` (`id`); (params ())
ALTER TABLE `auth_user_user_permissions` ADD CONSTRAINT `auth_user_user_permissions_user_id_permission_id_14a6b632_uniq` UNIQUE (`user_id`, `permission_id`); (params ())
ALTER TABLE `auth_user_user_permissions` ADD CONSTRAINT `auth_user_user_permissions_user_id_a95ead1b_fk_auth_user_id` FOREIGN KEY (`user_id`) REFERENCES `auth_user` (`id`); (params ())
ALTER TABLE `auth_user_user_permissions` ADD CONSTRAINT `auth_user_user_permi_permission_id_1fbb5f2c_fk_auth_perm` FOREIGN KEY (`permission_id`) REFERENCES `auth_permission` (`id`); (params ())
CREATE TABLE `django_admin_log` (`id` integer AUTO_INCREMENT NOT NULL PRIMARY KEY, `action_time` datetime(6) NOT NULL, `object_id` longtext NULL, `object_repr` varchar(200) NOT NULL, `action_flag` smallint UNSIGNED NOT NULL CHECK (`action_flag` >= 0), `change_message` longtext NOT NULL, `content_type_id` integer NULL, `user_id` integer NOT NULL); (params None)
ALTER TABLE `django_admin_log` ADD CONSTRAINT `django_admin_log_content_type_id_c4bce8eb_fk_django_co` FOREIGN KEY (`content_type_id`) REFERENCES `django_content_type` (`id`); (params ())
ALTER TABLE `django_admin_log` ADD CONSTRAINT `django_admin_log_user_id_c564eba6_fk_auth_user_id` FOREIGN KEY (`user_id`) REFERENCES `auth_user` (`id`); (params ())
ALTER TABLE `django_content_type` MODIFY `name` varchar(100) NULL; (params [])
ALTER TABLE `django_content_type` DROP COLUMN `name`; (params ())
ALTER TABLE `auth_permission` MODIFY `name` varchar(255) NOT NULL; (params [])
ALTER TABLE `auth_user` MODIFY `email` varchar(254) NOT NULL; (params [])
ALTER TABLE `auth_user` MODIFY `last_login` datetime(6) NULL; (params [])
ALTER TABLE `auth_user` MODIFY `username` varchar(150) NOT NULL; (params [])
ALTER TABLE `auth_user` MODIFY `last_name` varchar(150) NOT NULL; (params [])
ALTER TABLE `auth_group` MODIFY `name` varchar(150) NOT NULL; (params [])
ALTER TABLE `auth_user` MODIFY `first_name` varchar(150) NOT NULL; (params [])
CREATE TABLE `django_session` (`session_key` varchar(40) NOT NULL PRIMARY KEY, `session_data` longtext NOT NULL, `expire_date` datetime(6) NOT NULL); (params None)
CREATE INDEX `django_session_expire_date_a5c62663` ON `django_session` (`expire_date`); (params ())
